<?xml version="1.0" encoding="UTF-8"?>
<testsuite name="test.SmokeTest" tests="1" skipped="0" failures="0" errors="0" timestamp="2018-01-09T22:44:28" hostname="Jacobs-MacBook-Pro.local" time="0.002">
  <properties/>
  <testcase name="smoke_test" classname="test.SmokeTest" time="0.002"/>
  <system-out><![CDATA[]]></system-out>
  <system-err><![CDATA[]]></system-err>
</testsuite>
